2021-04-13 15:45:10,888 [WARN] from slick.basic.DatabaseConfig in play-dev-mode-akka.actor.default-dispatcher-4 - Use `profile` instead of `driver`. The latter is deprecated since Slick 3.2 and will be removed.
2021-04-13 15:45:11,426 [INFO] from play.api.http.EnabledFilters in play-dev-mode-akka.actor.default-dispatcher-4 - Enabled Filters (see <https://www.playframework.com/documentation/latest/Filters>):

    play.filters.headers.SecurityHeadersFilter
    play.filters.hosts.AllowedHostsFilter
    filters.ExampleFilter

2021-04-13 15:45:11,432 [INFO] from play.api.Play in play-dev-mode-akka.actor.default-dispatcher-4 - Application started (Dev) (no global state)
2021-04-13 15:53:09,014 [ERROR] from play.api.http.DefaultHttpErrorHandler in play-dev-mode-akka.actor.default-dispatcher-9 - 

! @7jcgkhkej - Internal server error, for (GET) [/CloudPlatform/Mytask/taskPreview/EBL?abbre=EBL&taskname=EBL41395618] ->
 
play.sbt.PlayExceptions$CompilationException: Compilation error[not found: value row]
	at play.sbt.PlayExceptions$CompilationException$.apply(PlayExceptions.scala:32)
	at play.sbt.PlayExceptions$CompilationException$.apply(PlayExceptions.scala:32)
	at scala.Option.map(Option.scala:145)
	at play.sbt.run.PlayReload$$anonfun$taskFailureHandler$1.apply(PlayReload.scala:39)
	at play.sbt.run.PlayReload$$anonfun$taskFailureHandler$1.apply(PlayReload.scala:34)
	at scala.Option.map(Option.scala:145)
	at play.sbt.run.PlayReload$.taskFailureHandler(PlayReload.scala:34)
	at play.sbt.run.PlayReload$.compileFailure(PlayReload.scala:27)
	at play.sbt.run.PlayReload$$anonfun$compile$1.apply(PlayReload.scala:62)
	at play.sbt.run.PlayReload$$anonfun$compile$1.apply(PlayReload.scala:62)
	at scala.util.Either$LeftProjection.map(Either.scala:377)
	at play.sbt.run.PlayReload$.compile(PlayReload.scala:62)
	at play.sbt.run.PlayRun$$anonfun$playRunTask$1$$anonfun$apply$2$$anonfun$apply$3$$anonfun$3.apply(PlayRun.scala:75)
	at play.sbt.run.PlayRun$$anonfun$playRunTask$1$$anonfun$apply$2$$anonfun$apply$3$$anonfun$3.apply(PlayRun.scala:74)
	at play.runsupport.Reloader$$anonfun$reload$1.apply(Reloader.scala:496)
	at play.runsupport.Reloader$$anon$5.run(Reloader.scala:57)
	at java.security.AccessController.doPrivileged(Native Method)
	at play.runsupport.Reloader$.play$runsupport$Reloader$$withReloaderContextClassLoader(Reloader.scala:52)
	at play.runsupport.Reloader.reload(Reloader.scala:494)
	at play.core.server.DevServerStart$$anon$1.get(DevServerStart.scala:141)
	at play.core.server.AkkaHttpServer.handleRequest(AkkaHttpServer.scala:300)
	at play.core.server.AkkaHttpServer.$anonfun$createServerBinding$1(AkkaHttpServer.scala:190)
	at akka.stream.impl.fusing.MapAsync$$anon$30.onPush(Ops.scala:1289)
	at akka.stream.impl.fusing.GraphInterpreter.processPush(GraphInterpreter.scala:541)
	at akka.stream.impl.fusing.GraphInterpreter.execute(GraphInterpreter.scala:423)
	at akka.stream.impl.fusing.GraphInterpreterShell.runBatch(ActorGraphInterpreter.scala:624)
	at akka.stream.impl.fusing.GraphInterpreterShell$AsyncInput.execute(ActorGraphInterpreter.scala:501)
	at akka.stream.impl.fusing.GraphInterpreterShell.processEvent(ActorGraphInterpreter.scala:599)
	at akka.stream.impl.fusing.ActorGraphInterpreter.akka$stream$impl$fusing$ActorGraphInterpreter$$processEvent(ActorGraphInterpreter.scala:768)
	at akka.stream.impl.fusing.ActorGraphInterpreter$$anonfun$receive$1.applyOrElse(ActorGraphInterpreter.scala:783)
	at akka.actor.Actor.aroundReceive(Actor.scala:534)
	at akka.actor.Actor.aroundReceive$(Actor.scala:532)
	at akka.stream.impl.fusing.ActorGraphInterpreter.aroundReceive(ActorGraphInterpreter.scala:690)
	at akka.actor.ActorCell.receiveMessage(ActorCell.scala:573)
	at akka.actor.ActorCell.invoke(ActorCell.scala:543)
	at akka.dispatch.Mailbox.processMailbox(Mailbox.scala:269)
	at akka.dispatch.Mailbox.run(Mailbox.scala:230)
	at akka.dispatch.Mailbox.exec(Mailbox.scala:242)
	at java.util.concurrent.ForkJoinTask.doExec(ForkJoinTask.java:289)
	at java.util.concurrent.ForkJoinPool$WorkQueue.runTask(ForkJoinPool.java:1056)
	at java.util.concurrent.ForkJoinPool.runWorker(ForkJoinPool.java:1692)
	at java.util.concurrent.ForkJoinWorkerThread.run(ForkJoinWorkerThread.java:157)
2021-04-13 15:53:10,907 [ERROR] from play.api.http.DefaultHttpErrorHandler in play-dev-mode-akka.actor.default-dispatcher-18 - 

! @7jcgkhnd4 - Internal server error, for (GET) [/CloudPlatform/myTask] ->
 
play.sbt.PlayExceptions$CompilationException: Compilation error[not found: value row]
	at play.sbt.PlayExceptions$CompilationException$.apply(PlayExceptions.scala:32)
	at play.sbt.PlayExceptions$CompilationException$.apply(PlayExceptions.scala:32)
	at scala.Option.map(Option.scala:145)
	at play.sbt.run.PlayReload$$anonfun$taskFailureHandler$1.apply(PlayReload.scala:39)
	at play.sbt.run.PlayReload$$anonfun$taskFailureHandler$1.apply(PlayReload.scala:34)
	at scala.Option.map(Option.scala:145)
	at play.sbt.run.PlayReload$.taskFailureHandler(PlayReload.scala:34)
	at play.sbt.run.PlayReload$.compileFailure(PlayReload.scala:27)
	at play.sbt.run.PlayReload$$anonfun$compile$1.apply(PlayReload.scala:62)
	at play.sbt.run.PlayReload$$anonfun$compile$1.apply(PlayReload.scala:62)
	at scala.util.Either$LeftProjection.map(Either.scala:377)
	at play.sbt.run.PlayReload$.compile(PlayReload.scala:62)
	at play.sbt.run.PlayRun$$anonfun$playRunTask$1$$anonfun$apply$2$$anonfun$apply$3$$anonfun$3.apply(PlayRun.scala:75)
	at play.sbt.run.PlayRun$$anonfun$playRunTask$1$$anonfun$apply$2$$anonfun$apply$3$$anonfun$3.apply(PlayRun.scala:74)
	at play.runsupport.Reloader$$anonfun$reload$1.apply(Reloader.scala:496)
	at play.runsupport.Reloader$$anon$5.run(Reloader.scala:57)
	at java.security.AccessController.doPrivileged(Native Method)
	at play.runsupport.Reloader$.play$runsupport$Reloader$$withReloaderContextClassLoader(Reloader.scala:52)
	at play.runsupport.Reloader.reload(Reloader.scala:494)
	at play.core.server.DevServerStart$$anon$1.get(DevServerStart.scala:141)
	at play.core.server.AkkaHttpServer.handleRequest(AkkaHttpServer.scala:300)
	at play.core.server.AkkaHttpServer.$anonfun$createServerBinding$1(AkkaHttpServer.scala:190)
	at akka.stream.impl.fusing.MapAsync$$anon$30.onPush(Ops.scala:1289)
	at akka.stream.impl.fusing.GraphInterpreter.processPush(GraphInterpreter.scala:541)
	at akka.stream.impl.fusing.GraphInterpreter.execute(GraphInterpreter.scala:423)
	at akka.stream.impl.fusing.GraphInterpreterShell.runBatch(ActorGraphInterpreter.scala:624)
	at akka.stream.impl.fusing.GraphInterpreterShell$AsyncInput.execute(ActorGraphInterpreter.scala:501)
	at akka.stream.impl.fusing.GraphInterpreterShell.processEvent(ActorGraphInterpreter.scala:599)
	at akka.stream.impl.fusing.ActorGraphInterpreter.akka$stream$impl$fusing$ActorGraphInterpreter$$processEvent(ActorGraphInterpreter.scala:768)
	at akka.stream.impl.fusing.ActorGraphInterpreter$$anonfun$receive$1.applyOrElse(ActorGraphInterpreter.scala:783)
	at akka.actor.Actor.aroundReceive(Actor.scala:534)
	at akka.actor.Actor.aroundReceive$(Actor.scala:532)
	at akka.stream.impl.fusing.ActorGraphInterpreter.aroundReceive(ActorGraphInterpreter.scala:690)
	at akka.actor.ActorCell.receiveMessage(ActorCell.scala:573)
	at akka.actor.ActorCell.invoke(ActorCell.scala:543)
	at akka.dispatch.Mailbox.processMailbox(Mailbox.scala:269)
	at akka.dispatch.Mailbox.run(Mailbox.scala:230)
	at akka.dispatch.Mailbox.exec(Mailbox.scala:242)
	at java.util.concurrent.ForkJoinTask.doExec(ForkJoinTask.java:289)
	at java.util.concurrent.ForkJoinPool$WorkQueue.runTask(ForkJoinPool.java:1056)
	at java.util.concurrent.ForkJoinPool.runWorker(ForkJoinPool.java:1692)
	at java.util.concurrent.ForkJoinWorkerThread.run(ForkJoinWorkerThread.java:157)
2021-04-13 15:53:55,147 [WARN] from slick.basic.DatabaseConfig in play-dev-mode-akka.actor.default-dispatcher-19 - Use `profile` instead of `driver`. The latter is deprecated since Slick 3.2 and will be removed.
2021-04-13 15:53:55,245 [INFO] from play.api.http.EnabledFilters in play-dev-mode-akka.actor.default-dispatcher-19 - Enabled Filters (see <https://www.playframework.com/documentation/latest/Filters>):

    play.filters.headers.SecurityHeadersFilter
    play.filters.hosts.AllowedHostsFilter
    filters.ExampleFilter

2021-04-13 15:53:55,247 [INFO] from play.api.Play in play-dev-mode-akka.actor.default-dispatcher-19 - Application started (Dev) (no global state)
2021-04-13 15:53:59,313 [WARN] from akka.actor.ActorSystemImpl in play-dev-mode-akka.actor.default-dispatcher-19 - Explicitly set HTTP header 'Content-Type: application/x-download' is ignored, explicit `Content-Type` header is not allowed. Set `HttpResponse.entity.contentType` instead.
2021-04-13 15:54:04,273 [WARN] from akka.actor.ActorSystemImpl in play-dev-mode-akka.actor.default-dispatcher-18 - Explicitly set HTTP header 'Content-Type: application/x-download' is ignored, explicit `Content-Type` header is not allowed. Set `HttpResponse.entity.contentType` instead.
2021-04-13 15:54:27,499 [WARN] from akka.actor.ActorSystemImpl in play-dev-mode-akka.actor.default-dispatcher-19 - Explicitly set HTTP header 'Content-Type: application/x-download' is ignored, explicit `Content-Type` header is not allowed. Set `HttpResponse.entity.contentType` instead.
2021-04-13 15:54:38,702 [WARN] from akka.actor.ActorSystemImpl in play-dev-mode-akka.actor.default-dispatcher-32 - Explicitly set HTTP header 'Content-Type: application/x-download' is ignored, explicit `Content-Type` header is not allowed. Set `HttpResponse.entity.contentType` instead.
2021-04-13 15:54:44,730 [WARN] from akka.actor.ActorSystemImpl in play-dev-mode-akka.actor.default-dispatcher-20 - Explicitly set HTTP header 'Content-Type: application/x-download' is ignored, explicit `Content-Type` header is not allowed. Set `HttpResponse.entity.contentType` instead.
2021-04-13 15:55:27,173 [WARN] from slick.basic.DatabaseConfig in play-dev-mode-akka.actor.default-dispatcher-18 - Use `profile` instead of `driver`. The latter is deprecated since Slick 3.2 and will be removed.
2021-04-13 15:55:27,205 [INFO] from play.api.http.EnabledFilters in play-dev-mode-akka.actor.default-dispatcher-18 - Enabled Filters (see <https://www.playframework.com/documentation/latest/Filters>):

    play.filters.headers.SecurityHeadersFilter
    play.filters.hosts.AllowedHostsFilter
    filters.ExampleFilter

2021-04-13 15:55:27,207 [INFO] from play.api.Play in play-dev-mode-akka.actor.default-dispatcher-18 - Application started (Dev) (no global state)
2021-04-13 15:56:24,377 [WARN] from slick.basic.DatabaseConfig in play-dev-mode-akka.actor.default-dispatcher-9 - Use `profile` instead of `driver`. The latter is deprecated since Slick 3.2 and will be removed.
2021-04-13 15:56:24,403 [INFO] from play.api.http.EnabledFilters in play-dev-mode-akka.actor.default-dispatcher-9 - Enabled Filters (see <https://www.playframework.com/documentation/latest/Filters>):

    play.filters.headers.SecurityHeadersFilter
    play.filters.hosts.AllowedHostsFilter
    filters.ExampleFilter

2021-04-13 15:56:24,404 [INFO] from play.api.Play in play-dev-mode-akka.actor.default-dispatcher-9 - Application started (Dev) (no global state)
2021-04-13 15:56:24,413 [WARN] from akka.actor.ActorSystemImpl in play-dev-mode-akka.actor.default-dispatcher-43 - Explicitly set HTTP header 'Content-Type: application/x-download' is ignored, explicit `Content-Type` header is not allowed. Set `HttpResponse.entity.contentType` instead.
2021-04-13 15:58:04,385 [WARN] from slick.basic.DatabaseConfig in play-dev-mode-akka.actor.default-dispatcher-116 - Use `profile` instead of `driver`. The latter is deprecated since Slick 3.2 and will be removed.
2021-04-13 15:58:04,414 [INFO] from play.api.http.EnabledFilters in play-dev-mode-akka.actor.default-dispatcher-116 - Enabled Filters (see <https://www.playframework.com/documentation/latest/Filters>):

    play.filters.headers.SecurityHeadersFilter
    play.filters.hosts.AllowedHostsFilter
    filters.ExampleFilter

2021-04-13 15:58:04,415 [INFO] from play.api.Play in play-dev-mode-akka.actor.default-dispatcher-116 - Application started (Dev) (no global state)
2021-04-13 16:00:57,243 [WARN] from slick.basic.DatabaseConfig in play-dev-mode-akka.actor.default-dispatcher-41 - Use `profile` instead of `driver`. The latter is deprecated since Slick 3.2 and will be removed.
2021-04-13 16:00:57,594 [INFO] from play.api.http.EnabledFilters in play-dev-mode-akka.actor.default-dispatcher-41 - Enabled Filters (see <https://www.playframework.com/documentation/latest/Filters>):

    play.filters.headers.SecurityHeadersFilter
    play.filters.hosts.AllowedHostsFilter
    filters.ExampleFilter

2021-04-13 16:00:57,595 [INFO] from play.api.Play in play-dev-mode-akka.actor.default-dispatcher-41 - Application started (Dev) (no global state)
2021-04-13 16:02:53,598 [WARN] from akka.actor.ActorSystemImpl in play-dev-mode-akka.actor.default-dispatcher-18 - Explicitly set HTTP header 'Content-Type: application/x-download' is ignored, explicit `Content-Type` header is not allowed. Set `HttpResponse.entity.contentType` instead.
2021-04-13 16:02:56,671 [WARN] from akka.actor.ActorSystemImpl in play-dev-mode-akka.actor.default-dispatcher-45 - Explicitly set HTTP header 'Content-Type: application/x-download' is ignored, explicit `Content-Type` header is not allowed. Set `HttpResponse.entity.contentType` instead.
2021-04-13 16:06:08,520 [WARN] from slick.basic.DatabaseConfig in play-dev-mode-akka.actor.default-dispatcher-117 - Use `profile` instead of `driver`. The latter is deprecated since Slick 3.2 and will be removed.
2021-04-13 16:06:08,550 [INFO] from play.api.http.EnabledFilters in play-dev-mode-akka.actor.default-dispatcher-117 - Enabled Filters (see <https://www.playframework.com/documentation/latest/Filters>):

    play.filters.headers.SecurityHeadersFilter
    play.filters.hosts.AllowedHostsFilter
    filters.ExampleFilter

2021-04-13 16:06:08,550 [INFO] from play.api.Play in play-dev-mode-akka.actor.default-dispatcher-117 - Application started (Dev) (no global state)
2021-04-13 17:27:14,184 [ERROR] from play.api.http.DefaultHttpErrorHandler in play-dev-mode-akka.actor.default-dispatcher-211 - 

! @7jch70pdc - Internal server error, for (GET) [/assets/bootstrap-table-master/fonts/glyphicons-halflings-regular.woff] ->
 
play.sbt.PlayExceptions$CompilationException: Compilation error[value get is not a member of play.api.mvc.MultipartFormData.FilePart[play.api.libs.Files.TemporaryFile]]
	at play.sbt.PlayExceptions$CompilationException$.apply(PlayExceptions.scala:32)
	at play.sbt.PlayExceptions$CompilationException$.apply(PlayExceptions.scala:32)
	at scala.Option.map(Option.scala:145)
	at play.sbt.run.PlayReload$$anonfun$taskFailureHandler$1.apply(PlayReload.scala:39)
	at play.sbt.run.PlayReload$$anonfun$taskFailureHandler$1.apply(PlayReload.scala:34)
	at scala.Option.map(Option.scala:145)
	at play.sbt.run.PlayReload$.taskFailureHandler(PlayReload.scala:34)
	at play.sbt.run.PlayReload$.compileFailure(PlayReload.scala:27)
	at play.sbt.run.PlayReload$$anonfun$compile$1.apply(PlayReload.scala:62)
	at play.sbt.run.PlayReload$$anonfun$compile$1.apply(PlayReload.scala:62)
	at scala.util.Either$LeftProjection.map(Either.scala:377)
	at play.sbt.run.PlayReload$.compile(PlayReload.scala:62)
	at play.sbt.run.PlayRun$$anonfun$playRunTask$1$$anonfun$apply$2$$anonfun$apply$3$$anonfun$3.apply(PlayRun.scala:75)
	at play.sbt.run.PlayRun$$anonfun$playRunTask$1$$anonfun$apply$2$$anonfun$apply$3$$anonfun$3.apply(PlayRun.scala:74)
	at play.runsupport.Reloader$$anonfun$reload$1.apply(Reloader.scala:496)
	at play.runsupport.Reloader$$anon$5.run(Reloader.scala:57)
	at java.security.AccessController.doPrivileged(Native Method)
	at play.runsupport.Reloader$.play$runsupport$Reloader$$withReloaderContextClassLoader(Reloader.scala:52)
	at play.runsupport.Reloader.reload(Reloader.scala:494)
	at play.core.server.DevServerStart$$anon$1.get(DevServerStart.scala:141)
	at play.core.server.AkkaHttpServer.handleRequest(AkkaHttpServer.scala:300)
	at play.core.server.AkkaHttpServer.$anonfun$createServerBinding$1(AkkaHttpServer.scala:190)
	at akka.stream.impl.fusing.MapAsync$$anon$30.onPush(Ops.scala:1289)
	at akka.stream.impl.fusing.GraphInterpreter.processPush(GraphInterpreter.scala:541)
	at akka.stream.impl.fusing.GraphInterpreter.execute(GraphInterpreter.scala:423)
	at akka.stream.impl.fusing.GraphInterpreterShell.runBatch(ActorGraphInterpreter.scala:624)
	at akka.stream.impl.fusing.GraphInterpreterShell$AsyncInput.execute(ActorGraphInterpreter.scala:501)
	at akka.stream.impl.fusing.GraphInterpreterShell.processEvent(ActorGraphInterpreter.scala:599)
	at akka.stream.impl.fusing.ActorGraphInterpreter.akka$stream$impl$fusing$ActorGraphInterpreter$$processEvent(ActorGraphInterpreter.scala:768)
	at akka.stream.impl.fusing.ActorGraphInterpreter$$anonfun$receive$1.applyOrElse(ActorGraphInterpreter.scala:783)
	at akka.actor.Actor.aroundReceive(Actor.scala:534)
	at akka.actor.Actor.aroundReceive$(Actor.scala:532)
	at akka.stream.impl.fusing.ActorGraphInterpreter.aroundReceive(ActorGraphInterpreter.scala:690)
	at akka.actor.ActorCell.receiveMessage(ActorCell.scala:573)
	at akka.actor.ActorCell.invoke(ActorCell.scala:543)
	at akka.dispatch.Mailbox.processMailbox(Mailbox.scala:269)
	at akka.dispatch.Mailbox.run(Mailbox.scala:230)
	at akka.dispatch.Mailbox.exec(Mailbox.scala:242)
	at java.util.concurrent.ForkJoinTask.doExec(ForkJoinTask.java:289)
	at java.util.concurrent.ForkJoinPool$WorkQueue.runTask(ForkJoinPool.java:1056)
	at java.util.concurrent.ForkJoinPool.runWorker(ForkJoinPool.java:1692)
	at java.util.concurrent.ForkJoinWorkerThread.run(ForkJoinWorkerThread.java:157)
2021-04-13 17:27:15,210 [ERROR] from play.api.http.DefaultHttpErrorHandler in play-dev-mode-akka.actor.default-dispatcher-213 - 

! @7jch7111k - Internal server error, for (GET) [/assets/bootstrap-table-master/fonts/glyphicons-halflings-regular.ttf] ->
 
play.sbt.PlayExceptions$CompilationException: Compilation error[value get is not a member of play.api.mvc.MultipartFormData.FilePart[play.api.libs.Files.TemporaryFile]]
	at play.sbt.PlayExceptions$CompilationException$.apply(PlayExceptions.scala:32)
	at play.sbt.PlayExceptions$CompilationException$.apply(PlayExceptions.scala:32)
	at scala.Option.map(Option.scala:145)
	at play.sbt.run.PlayReload$$anonfun$taskFailureHandler$1.apply(PlayReload.scala:39)
	at play.sbt.run.PlayReload$$anonfun$taskFailureHandler$1.apply(PlayReload.scala:34)
	at scala.Option.map(Option.scala:145)
	at play.sbt.run.PlayReload$.taskFailureHandler(PlayReload.scala:34)
	at play.sbt.run.PlayReload$.compileFailure(PlayReload.scala:27)
	at play.sbt.run.PlayReload$$anonfun$compile$1.apply(PlayReload.scala:62)
	at play.sbt.run.PlayReload$$anonfun$compile$1.apply(PlayReload.scala:62)
	at scala.util.Either$LeftProjection.map(Either.scala:377)
	at play.sbt.run.PlayReload$.compile(PlayReload.scala:62)
	at play.sbt.run.PlayRun$$anonfun$playRunTask$1$$anonfun$apply$2$$anonfun$apply$3$$anonfun$3.apply(PlayRun.scala:75)
	at play.sbt.run.PlayRun$$anonfun$playRunTask$1$$anonfun$apply$2$$anonfun$apply$3$$anonfun$3.apply(PlayRun.scala:74)
	at play.runsupport.Reloader$$anonfun$reload$1.apply(Reloader.scala:496)
	at play.runsupport.Reloader$$anon$5.run(Reloader.scala:57)
	at java.security.AccessController.doPrivileged(Native Method)
	at play.runsupport.Reloader$.play$runsupport$Reloader$$withReloaderContextClassLoader(Reloader.scala:52)
	at play.runsupport.Reloader.reload(Reloader.scala:494)
	at play.core.server.DevServerStart$$anon$1.get(DevServerStart.scala:141)
	at play.core.server.AkkaHttpServer.handleRequest(AkkaHttpServer.scala:300)
	at play.core.server.AkkaHttpServer.$anonfun$createServerBinding$1(AkkaHttpServer.scala:190)
	at akka.stream.impl.fusing.MapAsync$$anon$30.onPush(Ops.scala:1289)
	at akka.stream.impl.fusing.GraphInterpreter.processPush(GraphInterpreter.scala:541)
	at akka.stream.impl.fusing.GraphInterpreter.execute(GraphInterpreter.scala:423)
	at akka.stream.impl.fusing.GraphInterpreterShell.runBatch(ActorGraphInterpreter.scala:624)
	at akka.stream.impl.fusing.GraphInterpreterShell$AsyncInput.execute(ActorGraphInterpreter.scala:501)
	at akka.stream.impl.fusing.GraphInterpreterShell.processEvent(ActorGraphInterpreter.scala:599)
	at akka.stream.impl.fusing.ActorGraphInterpreter.akka$stream$impl$fusing$ActorGraphInterpreter$$processEvent(ActorGraphInterpreter.scala:768)
	at akka.stream.impl.fusing.ActorGraphInterpreter$$anonfun$receive$1.applyOrElse(ActorGraphInterpreter.scala:783)
	at akka.actor.Actor.aroundReceive(Actor.scala:534)
	at akka.actor.Actor.aroundReceive$(Actor.scala:532)
	at akka.stream.impl.fusing.ActorGraphInterpreter.aroundReceive(ActorGraphInterpreter.scala:690)
	at akka.actor.ActorCell.receiveMessage(ActorCell.scala:573)
	at akka.actor.ActorCell.invoke(ActorCell.scala:543)
	at akka.dispatch.Mailbox.processMailbox(Mailbox.scala:269)
	at akka.dispatch.Mailbox.run(Mailbox.scala:230)
	at akka.dispatch.Mailbox.exec(Mailbox.scala:242)
	at java.util.concurrent.ForkJoinTask.doExec(ForkJoinTask.java:289)
	at java.util.concurrent.ForkJoinPool$WorkQueue.runTask(ForkJoinPool.java:1056)
	at java.util.concurrent.ForkJoinPool.runWorker(ForkJoinPool.java:1692)
	at java.util.concurrent.ForkJoinWorkerThread.run(ForkJoinWorkerThread.java:157)
2021-04-14 09:45:24,613 [WARN] from slick.basic.DatabaseConfig in play-dev-mode-akka.actor.default-dispatcher-217 - Use `profile` instead of `driver`. The latter is deprecated since Slick 3.2 and will be removed.
2021-04-14 09:45:24,642 [INFO] from play.api.http.EnabledFilters in play-dev-mode-akka.actor.default-dispatcher-217 - Enabled Filters (see <https://www.playframework.com/documentation/latest/Filters>):

    play.filters.headers.SecurityHeadersFilter
    play.filters.hosts.AllowedHostsFilter
    filters.ExampleFilter

2021-04-14 09:45:24,643 [INFO] from play.api.Play in play-dev-mode-akka.actor.default-dispatcher-217 - Application started (Dev) (no global state)
2021-04-14 09:46:13,745 [WARN] from slick.basic.DatabaseConfig in play-dev-mode-akka.actor.default-dispatcher-218 - Use `profile` instead of `driver`. The latter is deprecated since Slick 3.2 and will be removed.
2021-04-14 09:46:13,801 [INFO] from play.api.http.EnabledFilters in play-dev-mode-akka.actor.default-dispatcher-218 - Enabled Filters (see <https://www.playframework.com/documentation/latest/Filters>):

    play.filters.headers.SecurityHeadersFilter
    play.filters.hosts.AllowedHostsFilter
    filters.ExampleFilter

2021-04-14 09:46:13,803 [INFO] from play.api.Play in play-dev-mode-akka.actor.default-dispatcher-218 - Application started (Dev) (no global state)
2021-04-14 09:49:33,499 [WARN] from slick.basic.DatabaseConfig in play-dev-mode-akka.actor.default-dispatcher-246 - Use `profile` instead of `driver`. The latter is deprecated since Slick 3.2 and will be removed.
2021-04-14 09:49:33,527 [INFO] from play.api.http.EnabledFilters in play-dev-mode-akka.actor.default-dispatcher-246 - Enabled Filters (see <https://www.playframework.com/documentation/latest/Filters>):

    play.filters.headers.SecurityHeadersFilter
    play.filters.hosts.AllowedHostsFilter
    filters.ExampleFilter

2021-04-14 09:49:33,528 [INFO] from play.api.Play in play-dev-mode-akka.actor.default-dispatcher-246 - Application started (Dev) (no global state)
2021-04-14 09:54:05,530 [WARN] from org.apache.fontbox.ttf.CmapSubtable in application-akka.actor.default-dispatcher-18 - Format 14 cmap table is not supported and will be ignored
2021-04-14 10:23:09,303 [WARN] from akka.actor.ActorSystemImpl in play-dev-mode-akka.actor.default-dispatcher-433 - Explicitly set HTTP header 'Content-Type: application/x-download' is ignored, explicit `Content-Type` header is not allowed. Set `HttpResponse.entity.contentType` instead.
2021-04-14 11:45:23,018 [ERROR] from play.api.http.DefaultHttpErrorHandler in play-dev-mode-akka.actor.default-dispatcher-461 - 

! @7jcml5k5b - Internal server error, for (GET) [/CloudPlatform/home/allsoft?types=li_allsoft] ->
 
play.sbt.PlayExceptions$CompilationException: Compilation error[value get is not a member of play.api.mvc.MultipartFormData.FilePart[play.api.libs.Files.TemporaryFile]]
	at play.sbt.PlayExceptions$CompilationException$.apply(PlayExceptions.scala:32)
	at play.sbt.PlayExceptions$CompilationException$.apply(PlayExceptions.scala:32)
	at scala.Option.map(Option.scala:145)
	at play.sbt.run.PlayReload$$anonfun$taskFailureHandler$1.apply(PlayReload.scala:39)
	at play.sbt.run.PlayReload$$anonfun$taskFailureHandler$1.apply(PlayReload.scala:34)
	at scala.Option.map(Option.scala:145)
	at play.sbt.run.PlayReload$.taskFailureHandler(PlayReload.scala:34)
	at play.sbt.run.PlayReload$.compileFailure(PlayReload.scala:27)
	at play.sbt.run.PlayReload$$anonfun$compile$1.apply(PlayReload.scala:62)
	at play.sbt.run.PlayReload$$anonfun$compile$1.apply(PlayReload.scala:62)
	at scala.util.Either$LeftProjection.map(Either.scala:377)
	at play.sbt.run.PlayReload$.compile(PlayReload.scala:62)
	at play.sbt.run.PlayRun$$anonfun$playRunTask$1$$anonfun$apply$2$$anonfun$apply$3$$anonfun$3.apply(PlayRun.scala:75)
	at play.sbt.run.PlayRun$$anonfun$playRunTask$1$$anonfun$apply$2$$anonfun$apply$3$$anonfun$3.apply(PlayRun.scala:74)
	at play.runsupport.Reloader$$anonfun$reload$1.apply(Reloader.scala:496)
	at play.runsupport.Reloader$$anon$5.run(Reloader.scala:57)
	at java.security.AccessController.doPrivileged(Native Method)
	at play.runsupport.Reloader$.play$runsupport$Reloader$$withReloaderContextClassLoader(Reloader.scala:52)
	at play.runsupport.Reloader.reload(Reloader.scala:494)
	at play.core.server.DevServerStart$$anon$1.get(DevServerStart.scala:141)
	at play.core.server.AkkaHttpServer.handleRequest(AkkaHttpServer.scala:300)
	at play.core.server.AkkaHttpServer.$anonfun$createServerBinding$1(AkkaHttpServer.scala:190)
	at akka.stream.impl.fusing.MapAsync$$anon$30.onPush(Ops.scala:1289)
	at akka.stream.impl.fusing.GraphInterpreter.processPush(GraphInterpreter.scala:541)
	at akka.stream.impl.fusing.GraphInterpreter.execute(GraphInterpreter.scala:423)
	at akka.stream.impl.fusing.GraphInterpreterShell.runBatch(ActorGraphInterpreter.scala:624)
	at akka.stream.impl.fusing.GraphInterpreterShell$AsyncInput.execute(ActorGraphInterpreter.scala:501)
	at akka.stream.impl.fusing.GraphInterpreterShell.processEvent(ActorGraphInterpreter.scala:599)
	at akka.stream.impl.fusing.ActorGraphInterpreter.akka$stream$impl$fusing$ActorGraphInterpreter$$processEvent(ActorGraphInterpreter.scala:768)
	at akka.stream.impl.fusing.ActorGraphInterpreter$$anonfun$receive$1.applyOrElse(ActorGraphInterpreter.scala:783)
	at akka.actor.Actor.aroundReceive(Actor.scala:534)
	at akka.actor.Actor.aroundReceive$(Actor.scala:532)
	at akka.stream.impl.fusing.ActorGraphInterpreter.aroundReceive(ActorGraphInterpreter.scala:690)
	at akka.actor.ActorCell.receiveMessage(ActorCell.scala:573)
	at akka.actor.ActorCell.invoke(ActorCell.scala:543)
	at akka.dispatch.Mailbox.processMailbox(Mailbox.scala:269)
	at akka.dispatch.Mailbox.run(Mailbox.scala:230)
	at akka.dispatch.Mailbox.exec(Mailbox.scala:242)
	at java.util.concurrent.ForkJoinTask.doExec(ForkJoinTask.java:289)
	at java.util.concurrent.ForkJoinPool$WorkQueue.runTask(ForkJoinPool.java:1056)
	at java.util.concurrent.ForkJoinPool.runWorker(ForkJoinPool.java:1692)
	at java.util.concurrent.ForkJoinWorkerThread.run(ForkJoinWorkerThread.java:157)
2021-04-14 11:50:58,455 [ERROR] from play.api.http.DefaultHttpErrorHandler in play-dev-mode-akka.actor.default-dispatcher-468 - 

! @7jcmlombh - Internal server error, for (GET) [/CloudPlatform/home/allsoft?types=li_allsoft] ->
 
play.sbt.PlayExceptions$CompilationException: Compilation error[value get is not a member of play.api.mvc.MultipartFormData.FilePart[play.api.libs.Files.TemporaryFile]]
	at play.sbt.PlayExceptions$CompilationException$.apply(PlayExceptions.scala:32)
	at play.sbt.PlayExceptions$CompilationException$.apply(PlayExceptions.scala:32)
	at scala.Option.map(Option.scala:145)
	at play.sbt.run.PlayReload$$anonfun$taskFailureHandler$1.apply(PlayReload.scala:39)
	at play.sbt.run.PlayReload$$anonfun$taskFailureHandler$1.apply(PlayReload.scala:34)
	at scala.Option.map(Option.scala:145)
	at play.sbt.run.PlayReload$.taskFailureHandler(PlayReload.scala:34)
	at play.sbt.run.PlayReload$.compileFailure(PlayReload.scala:27)
	at play.sbt.run.PlayReload$$anonfun$compile$1.apply(PlayReload.scala:62)
	at play.sbt.run.PlayReload$$anonfun$compile$1.apply(PlayReload.scala:62)
	at scala.util.Either$LeftProjection.map(Either.scala:377)
	at play.sbt.run.PlayReload$.compile(PlayReload.scala:62)
	at play.sbt.run.PlayRun$$anonfun$playRunTask$1$$anonfun$apply$2$$anonfun$apply$3$$anonfun$3.apply(PlayRun.scala:75)
	at play.sbt.run.PlayRun$$anonfun$playRunTask$1$$anonfun$apply$2$$anonfun$apply$3$$anonfun$3.apply(PlayRun.scala:74)
	at play.runsupport.Reloader$$anonfun$reload$1.apply(Reloader.scala:496)
	at play.runsupport.Reloader$$anon$5.run(Reloader.scala:57)
	at java.security.AccessController.doPrivileged(Native Method)
	at play.runsupport.Reloader$.play$runsupport$Reloader$$withReloaderContextClassLoader(Reloader.scala:52)
	at play.runsupport.Reloader.reload(Reloader.scala:494)
	at play.core.server.DevServerStart$$anon$1.get(DevServerStart.scala:141)
	at play.core.server.AkkaHttpServer.handleRequest(AkkaHttpServer.scala:300)
	at play.core.server.AkkaHttpServer.$anonfun$createServerBinding$1(AkkaHttpServer.scala:190)
	at akka.stream.impl.fusing.MapAsync$$anon$30.onPush(Ops.scala:1289)
	at akka.stream.impl.fusing.GraphInterpreter.processPush(GraphInterpreter.scala:541)
	at akka.stream.impl.fusing.GraphInterpreter.execute(GraphInterpreter.scala:423)
	at akka.stream.impl.fusing.GraphInterpreterShell.runBatch(ActorGraphInterpreter.scala:624)
	at akka.stream.impl.fusing.GraphInterpreterShell$AsyncInput.execute(ActorGraphInterpreter.scala:501)
	at akka.stream.impl.fusing.GraphInterpreterShell.processEvent(ActorGraphInterpreter.scala:599)
	at akka.stream.impl.fusing.ActorGraphInterpreter.akka$stream$impl$fusing$ActorGraphInterpreter$$processEvent(ActorGraphInterpreter.scala:768)
	at akka.stream.impl.fusing.ActorGraphInterpreter$$anonfun$receive$1.applyOrElse(ActorGraphInterpreter.scala:783)
	at akka.actor.Actor.aroundReceive(Actor.scala:534)
	at akka.actor.Actor.aroundReceive$(Actor.scala:532)
	at akka.stream.impl.fusing.ActorGraphInterpreter.aroundReceive(ActorGraphInterpreter.scala:690)
	at akka.actor.ActorCell.receiveMessage(ActorCell.scala:573)
	at akka.actor.ActorCell.invoke(ActorCell.scala:543)
	at akka.dispatch.Mailbox.processMailbox(Mailbox.scala:269)
	at akka.dispatch.Mailbox.run(Mailbox.scala:230)
	at akka.dispatch.Mailbox.exec(Mailbox.scala:242)
	at java.util.concurrent.ForkJoinTask.doExec(ForkJoinTask.java:289)
	at java.util.concurrent.ForkJoinPool$WorkQueue.runTask(ForkJoinPool.java:1056)
	at java.util.concurrent.ForkJoinPool.runWorker(ForkJoinPool.java:1692)
	at java.util.concurrent.ForkJoinWorkerThread.run(ForkJoinWorkerThread.java:157)
2021-04-14 11:51:11,980 [ERROR] from play.api.http.DefaultHttpErrorHandler in play-dev-mode-akka.actor.default-dispatcher-468 - 

! @7jcmlpgbm - Internal server error, for (GET) [/CloudPlatform/home/allsoft?types=li_allsoft] ->
 
play.sbt.PlayExceptions$CompilationException: Compilation error[value get is not a member of play.api.mvc.MultipartFormData.FilePart[play.api.libs.Files.TemporaryFile]]
	at play.sbt.PlayExceptions$CompilationException$.apply(PlayExceptions.scala:32)
	at play.sbt.PlayExceptions$CompilationException$.apply(PlayExceptions.scala:32)
	at scala.Option.map(Option.scala:145)
	at play.sbt.run.PlayReload$$anonfun$taskFailureHandler$1.apply(PlayReload.scala:39)
	at play.sbt.run.PlayReload$$anonfun$taskFailureHandler$1.apply(PlayReload.scala:34)
	at scala.Option.map(Option.scala:145)
	at play.sbt.run.PlayReload$.taskFailureHandler(PlayReload.scala:34)
	at play.sbt.run.PlayReload$.compileFailure(PlayReload.scala:27)
	at play.sbt.run.PlayReload$$anonfun$compile$1.apply(PlayReload.scala:62)
	at play.sbt.run.PlayReload$$anonfun$compile$1.apply(PlayReload.scala:62)
	at scala.util.Either$LeftProjection.map(Either.scala:377)
	at play.sbt.run.PlayReload$.compile(PlayReload.scala:62)
	at play.sbt.run.PlayRun$$anonfun$playRunTask$1$$anonfun$apply$2$$anonfun$apply$3$$anonfun$3.apply(PlayRun.scala:75)
	at play.sbt.run.PlayRun$$anonfun$playRunTask$1$$anonfun$apply$2$$anonfun$apply$3$$anonfun$3.apply(PlayRun.scala:74)
	at play.runsupport.Reloader$$anonfun$reload$1.apply(Reloader.scala:496)
	at play.runsupport.Reloader$$anon$5.run(Reloader.scala:57)
	at java.security.AccessController.doPrivileged(Native Method)
	at play.runsupport.Reloader$.play$runsupport$Reloader$$withReloaderContextClassLoader(Reloader.scala:52)
	at play.runsupport.Reloader.reload(Reloader.scala:494)
	at play.core.server.DevServerStart$$anon$1.get(DevServerStart.scala:141)
	at play.core.server.AkkaHttpServer.handleRequest(AkkaHttpServer.scala:300)
	at play.core.server.AkkaHttpServer.$anonfun$createServerBinding$1(AkkaHttpServer.scala:190)
	at akka.stream.impl.fusing.MapAsync$$anon$30.onPush(Ops.scala:1289)
	at akka.stream.impl.fusing.GraphInterpreter.processPush(GraphInterpreter.scala:541)
	at akka.stream.impl.fusing.GraphInterpreter.execute(GraphInterpreter.scala:423)
	at akka.stream.impl.fusing.GraphInterpreterShell.runBatch(ActorGraphInterpreter.scala:624)
	at akka.stream.impl.fusing.GraphInterpreterShell$AsyncInput.execute(ActorGraphInterpreter.scala:501)
	at akka.stream.impl.fusing.GraphInterpreterShell.processEvent(ActorGraphInterpreter.scala:599)
	at akka.stream.impl.fusing.ActorGraphInterpreter.akka$stream$impl$fusing$ActorGraphInterpreter$$processEvent(ActorGraphInterpreter.scala:768)
	at akka.stream.impl.fusing.ActorGraphInterpreter$$anonfun$receive$1.applyOrElse(ActorGraphInterpreter.scala:783)
	at akka.actor.Actor.aroundReceive(Actor.scala:534)
	at akka.actor.Actor.aroundReceive$(Actor.scala:532)
	at akka.stream.impl.fusing.ActorGraphInterpreter.aroundReceive(ActorGraphInterpreter.scala:690)
	at akka.actor.ActorCell.receiveMessage(ActorCell.scala:573)
	at akka.actor.ActorCell.invoke(ActorCell.scala:543)
	at akka.dispatch.Mailbox.processMailbox(Mailbox.scala:269)
	at akka.dispatch.Mailbox.run(Mailbox.scala:230)
	at akka.dispatch.Mailbox.exec(Mailbox.scala:242)
	at java.util.concurrent.ForkJoinTask.doExec(ForkJoinTask.java:289)
	at java.util.concurrent.ForkJoinPool$WorkQueue.runTask(ForkJoinPool.java:1056)
	at java.util.concurrent.ForkJoinPool.runWorker(ForkJoinPool.java:1692)
	at java.util.concurrent.ForkJoinWorkerThread.run(ForkJoinWorkerThread.java:157)
2021-04-14 11:51:25,318 [ERROR] from play.api.http.DefaultHttpErrorHandler in play-dev-mode-akka.actor.default-dispatcher-466 - 

! @7jcmm0a4m - Internal server error, for (GET) [/CloudPlatform/home/allsoft?types=li_allsoft] ->
 
play.sbt.PlayExceptions$CompilationException: Compilation error[not found: value params]
	at play.sbt.PlayExceptions$CompilationException$.apply(PlayExceptions.scala:32)
	at play.sbt.PlayExceptions$CompilationException$.apply(PlayExceptions.scala:32)
	at scala.Option.map(Option.scala:145)
	at play.sbt.run.PlayReload$$anonfun$taskFailureHandler$1.apply(PlayReload.scala:39)
	at play.sbt.run.PlayReload$$anonfun$taskFailureHandler$1.apply(PlayReload.scala:34)
	at scala.Option.map(Option.scala:145)
	at play.sbt.run.PlayReload$.taskFailureHandler(PlayReload.scala:34)
	at play.sbt.run.PlayReload$.compileFailure(PlayReload.scala:27)
	at play.sbt.run.PlayReload$$anonfun$compile$1.apply(PlayReload.scala:62)
	at play.sbt.run.PlayReload$$anonfun$compile$1.apply(PlayReload.scala:62)
	at scala.util.Either$LeftProjection.map(Either.scala:377)
	at play.sbt.run.PlayReload$.compile(PlayReload.scala:62)
	at play.sbt.run.PlayRun$$anonfun$playRunTask$1$$anonfun$apply$2$$anonfun$apply$3$$anonfun$3.apply(PlayRun.scala:75)
	at play.sbt.run.PlayRun$$anonfun$playRunTask$1$$anonfun$apply$2$$anonfun$apply$3$$anonfun$3.apply(PlayRun.scala:74)
	at play.runsupport.Reloader$$anonfun$reload$1.apply(Reloader.scala:496)
	at play.runsupport.Reloader$$anon$5.run(Reloader.scala:57)
	at java.security.AccessController.doPrivileged(Native Method)
	at play.runsupport.Reloader$.play$runsupport$Reloader$$withReloaderContextClassLoader(Reloader.scala:52)
	at play.runsupport.Reloader.reload(Reloader.scala:494)
	at play.core.server.DevServerStart$$anon$1.get(DevServerStart.scala:141)
	at play.core.server.AkkaHttpServer.handleRequest(AkkaHttpServer.scala:300)
	at play.core.server.AkkaHttpServer.$anonfun$createServerBinding$1(AkkaHttpServer.scala:190)
	at akka.stream.impl.fusing.MapAsync$$anon$30.onPush(Ops.scala:1289)
	at akka.stream.impl.fusing.GraphInterpreter.processPush(GraphInterpreter.scala:541)
	at akka.stream.impl.fusing.GraphInterpreter.execute(GraphInterpreter.scala:423)
	at akka.stream.impl.fusing.GraphInterpreterShell.runBatch(ActorGraphInterpreter.scala:624)
	at akka.stream.impl.fusing.GraphInterpreterShell$AsyncInput.execute(ActorGraphInterpreter.scala:501)
	at akka.stream.impl.fusing.GraphInterpreterShell.processEvent(ActorGraphInterpreter.scala:599)
	at akka.stream.impl.fusing.ActorGraphInterpreter.akka$stream$impl$fusing$ActorGraphInterpreter$$processEvent(ActorGraphInterpreter.scala:768)
	at akka.stream.impl.fusing.ActorGraphInterpreter$$anonfun$receive$1.applyOrElse(ActorGraphInterpreter.scala:783)
	at akka.actor.Actor.aroundReceive(Actor.scala:534)
	at akka.actor.Actor.aroundReceive$(Actor.scala:532)
	at akka.stream.impl.fusing.ActorGraphInterpreter.aroundReceive(ActorGraphInterpreter.scala:690)
	at akka.actor.ActorCell.receiveMessage(ActorCell.scala:573)
	at akka.actor.ActorCell.invoke(ActorCell.scala:543)
	at akka.dispatch.Mailbox.processMailbox(Mailbox.scala:269)
	at akka.dispatch.Mailbox.run(Mailbox.scala:230)
	at akka.dispatch.Mailbox.exec(Mailbox.scala:242)
	at java.util.concurrent.ForkJoinTask.doExec(ForkJoinTask.java:289)
	at java.util.concurrent.ForkJoinPool$WorkQueue.runTask(ForkJoinPool.java:1056)
	at java.util.concurrent.ForkJoinPool.runWorker(ForkJoinPool.java:1692)
	at java.util.concurrent.ForkJoinWorkerThread.run(ForkJoinWorkerThread.java:157)
2021-04-14 11:51:54,100 [WARN] from slick.basic.DatabaseConfig in play-dev-mode-akka.actor.default-dispatcher-468 - Use `profile` instead of `driver`. The latter is deprecated since Slick 3.2 and will be removed.
2021-04-14 11:51:54,132 [INFO] from play.api.http.EnabledFilters in play-dev-mode-akka.actor.default-dispatcher-468 - Enabled Filters (see <https://www.playframework.com/documentation/latest/Filters>):

    play.filters.headers.SecurityHeadersFilter
    play.filters.hosts.AllowedHostsFilter
    filters.ExampleFilter

2021-04-14 11:51:54,132 [INFO] from play.api.Play in play-dev-mode-akka.actor.default-dispatcher-468 - Application started (Dev) (no global state)
2021-04-14 11:57:26,009 [WARN] from slick.basic.DatabaseConfig in play-dev-mode-akka.actor.default-dispatcher-489 - Use `profile` instead of `driver`. The latter is deprecated since Slick 3.2 and will be removed.
2021-04-14 11:57:26,036 [INFO] from play.api.http.EnabledFilters in play-dev-mode-akka.actor.default-dispatcher-489 - Enabled Filters (see <https://www.playframework.com/documentation/latest/Filters>):

    play.filters.headers.SecurityHeadersFilter
    play.filters.hosts.AllowedHostsFilter
    filters.ExampleFilter

2021-04-14 11:57:26,037 [INFO] from play.api.Play in play-dev-mode-akka.actor.default-dispatcher-489 - Application started (Dev) (no global state)
2021-04-14 11:58:02,356 [WARN] from slick.basic.DatabaseConfig in play-dev-mode-akka.actor.default-dispatcher-466 - Use `profile` instead of `driver`. The latter is deprecated since Slick 3.2 and will be removed.
2021-04-14 11:58:02,779 [INFO] from play.api.http.EnabledFilters in play-dev-mode-akka.actor.default-dispatcher-466 - Enabled Filters (see <https://www.playframework.com/documentation/latest/Filters>):

    play.filters.headers.SecurityHeadersFilter
    play.filters.hosts.AllowedHostsFilter
    filters.ExampleFilter

2021-04-14 11:58:02,859 [INFO] from play.api.Play in play-dev-mode-akka.actor.default-dispatcher-466 - Application started (Dev) (no global state)
2021-04-14 11:58:29,669 [WARN] from slick.basic.DatabaseConfig in play-dev-mode-akka.actor.default-dispatcher-533 - Use `profile` instead of `driver`. The latter is deprecated since Slick 3.2 and will be removed.
2021-04-14 11:58:29,694 [INFO] from play.api.http.EnabledFilters in play-dev-mode-akka.actor.default-dispatcher-533 - Enabled Filters (see <https://www.playframework.com/documentation/latest/Filters>):

    play.filters.headers.SecurityHeadersFilter
    play.filters.hosts.AllowedHostsFilter
    filters.ExampleFilter

2021-04-14 11:58:29,695 [INFO] from play.api.Play in play-dev-mode-akka.actor.default-dispatcher-533 - Application started (Dev) (no global state)
2021-04-14 14:43:05,192 [WARN] from slick.basic.DatabaseConfig in play-dev-mode-akka.actor.default-dispatcher-621 - Use `profile` instead of `driver`. The latter is deprecated since Slick 3.2 and will be removed.
2021-04-14 14:43:05,219 [INFO] from play.api.http.EnabledFilters in play-dev-mode-akka.actor.default-dispatcher-621 - Enabled Filters (see <https://www.playframework.com/documentation/latest/Filters>):

    play.filters.headers.SecurityHeadersFilter
    play.filters.hosts.AllowedHostsFilter
    filters.ExampleFilter

2021-04-14 14:43:05,220 [INFO] from play.api.Play in play-dev-mode-akka.actor.default-dispatcher-621 - Application started (Dev) (no global state)
2021-04-14 14:43:43,225 [WARN] from slick.basic.DatabaseConfig in play-dev-mode-akka.actor.default-dispatcher-649 - Use `profile` instead of `driver`. The latter is deprecated since Slick 3.2 and will be removed.
2021-04-14 14:43:43,246 [INFO] from play.api.http.EnabledFilters in play-dev-mode-akka.actor.default-dispatcher-649 - Enabled Filters (see <https://www.playframework.com/documentation/latest/Filters>):

    play.filters.headers.SecurityHeadersFilter
    play.filters.hosts.AllowedHostsFilter
    filters.ExampleFilter

2021-04-14 14:43:43,247 [INFO] from play.api.Play in play-dev-mode-akka.actor.default-dispatcher-649 - Application started (Dev) (no global state)
2021-04-14 14:54:52,035 [WARN] from slick.basic.DatabaseConfig in play-dev-mode-akka.actor.default-dispatcher-669 - Use `profile` instead of `driver`. The latter is deprecated since Slick 3.2 and will be removed.
2021-04-14 14:54:52,061 [INFO] from play.api.http.EnabledFilters in play-dev-mode-akka.actor.default-dispatcher-669 - Enabled Filters (see <https://www.playframework.com/documentation/latest/Filters>):

    play.filters.headers.SecurityHeadersFilter
    play.filters.hosts.AllowedHostsFilter
    filters.ExampleFilter

2021-04-14 14:54:52,061 [INFO] from play.api.Play in play-dev-mode-akka.actor.default-dispatcher-669 - Application started (Dev) (no global state)
2021-04-14 15:09:20,853 [WARN] from slick.basic.DatabaseConfig in play-dev-mode-akka.actor.default-dispatcher-709 - Use `profile` instead of `driver`. The latter is deprecated since Slick 3.2 and will be removed.
2021-04-14 15:09:20,878 [INFO] from play.api.http.EnabledFilters in play-dev-mode-akka.actor.default-dispatcher-709 - Enabled Filters (see <https://www.playframework.com/documentation/latest/Filters>):

    play.filters.headers.SecurityHeadersFilter
    play.filters.hosts.AllowedHostsFilter
    filters.ExampleFilter

2021-04-14 15:09:20,879 [INFO] from play.api.Play in play-dev-mode-akka.actor.default-dispatcher-709 - Application started (Dev) (no global state)
2021-04-14 15:27:12,475 [WARN] from slick.basic.DatabaseConfig in play-dev-mode-akka.actor.default-dispatcher-759 - Use `profile` instead of `driver`. The latter is deprecated since Slick 3.2 and will be removed.
2021-04-14 15:27:12,497 [INFO] from play.api.http.EnabledFilters in play-dev-mode-akka.actor.default-dispatcher-759 - Enabled Filters (see <https://www.playframework.com/documentation/latest/Filters>):

    play.filters.headers.SecurityHeadersFilter
    play.filters.hosts.AllowedHostsFilter
    filters.ExampleFilter

2021-04-14 15:27:12,497 [INFO] from play.api.Play in play-dev-mode-akka.actor.default-dispatcher-759 - Application started (Dev) (no global state)
2021-04-14 15:34:17,332 [WARN] from slick.basic.DatabaseConfig in play-dev-mode-akka.actor.default-dispatcher-786 - Use `profile` instead of `driver`. The latter is deprecated since Slick 3.2 and will be removed.
2021-04-14 15:34:17,357 [INFO] from play.api.http.EnabledFilters in play-dev-mode-akka.actor.default-dispatcher-786 - Enabled Filters (see <https://www.playframework.com/documentation/latest/Filters>):

    play.filters.headers.SecurityHeadersFilter
    play.filters.hosts.AllowedHostsFilter
    filters.ExampleFilter

2021-04-14 15:34:17,358 [INFO] from play.api.Play in play-dev-mode-akka.actor.default-dispatcher-786 - Application started (Dev) (no global state)
